This file contains any messages produced by compilers while
running configure, to aid debugging if configure makes a mistake.

It was created by configure, which was
generated by GNU Autoconf 2.69.  Invocation command line was

  $ ./configure 

## --------- ##
## Platform. ##
## --------- ##

hostname = localhost.localdomain
uname -m = x86_64
uname -r = 5.9.1
uname -s = Linux
uname -v = #1 SMP Tue Oct 20 09:41:29 CST 2020

/usr/bin/uname -p = x86_64
/bin/uname -X     = unknown

/bin/arch              = x86_64
/usr/bin/arch -k       = unknown
/usr/convex/getsysinfo = unknown
/usr/bin/hostinfo      = unknown
/bin/machine           = unknown
/usr/bin/oslevel       = unknown
/bin/universe          = unknown

PATH: /root/perl5/bin
PATH: /usr/lib64/qt-3.3/bin
PATH: /home/rongtao/perl5/bin
PATH: /usr/lib64/mpich/bin
PATH: /usr/lib64/ccache
PATH: /usr/local/bin
PATH: /usr/bin
PATH: /usr/local/sbin
PATH: /usr/sbin
PATH: /usr/local/cmake-3.13.0-Linux-x86_64/bin
PATH: /usr/local/node-v10.15.3-linux-x64/bin/
PATH: /usr/local/cwp_su_all_44R14/bin
PATH: /usr/local/cwp_su_all_44R14/bin
PATH: /opt/qtcreator-2.5.0/bin
PATH: /home/rongtao/.local/bin
PATH: /home/rongtao/bin
PATH: /usr/local/cmake-3.13.0-Linux-x86_64/bin
PATH: /work/wangcheng/Zookeeper/apache-zookeeper-3.5.5-bin/bin
PATH: /usr/local/DPDK-stable-18.02.2//usertools
PATH: /opt/jboss-4.2.2.GA/bin


## ----------- ##
## Core tests. ##
## ----------- ##

configure:2147: checking for gcc
configure:2163: found /usr/lib64/ccache/gcc
configure:2174: result: gcc
configure:2403: checking for C compiler version
configure:2412: gcc --version >&5
gcc (GCC) 4.8.5 20150623 (Red Hat 4.8.5-39)
Copyright (C) 2015 Free Software Foundation, Inc.
This is free software; see the source for copying conditions.  There is NO
warranty; not even for MERCHANTABILITY or FITNESS FOR A PARTICULAR PURPOSE.

configure:2423: $? = 0
configure:2412: gcc -v >&5
Using built-in specs.
COLLECT_GCC=/usr/bin/gcc
COLLECT_LTO_WRAPPER=/usr/libexec/gcc/x86_64-redhat-linux/4.8.5/lto-wrapper
Target: x86_64-redhat-linux
Configured with: ../configure --prefix=/usr --mandir=/usr/share/man --infodir=/usr/share/info --with-bugurl=http://bugzilla.redhat.com/bugzilla --enable-bootstrap --enable-shared --enable-threads=posix --enable-checking=release --with-system-zlib --enable-__cxa_atexit --disable-libunwind-exceptions --enable-gnu-unique-object --enable-linker-build-id --with-linker-hash-style=gnu --enable-languages=c,c++,objc,obj-c++,java,fortran,ada,go,lto --enable-plugin --enable-initfini-array --disable-libgcj --with-isl=/builddir/build/BUILD/gcc-4.8.5-20150702/obj-x86_64-redhat-linux/isl-install --with-cloog=/builddir/build/BUILD/gcc-4.8.5-20150702/obj-x86_64-redhat-linux/cloog-install --enable-gnu-indirect-function --with-tune=generic --with-arch_32=x86-64 --build=x86_64-redhat-linux
Thread model: posix
gcc version 4.8.5 20150623 (Red Hat 4.8.5-39) (GCC) 
configure:2423: $? = 0
configure:2412: gcc -V >&5
gcc: error: unrecognized command line option '-V'
gcc: fatal error: no input files
compilation terminated.
configure:2423: $? = 4
configure:2412: gcc -qversion >&5
gcc: error: unrecognized command line option '-qversion'
gcc: fatal error: no input files
compilation terminated.
configure:2423: $? = 4
configure:2443: checking whether the C compiler works
configure:2465: gcc    conftest.c  >&5
configure:2469: $? = 0
configure:2517: result: yes
configure:2520: checking for C compiler default output file name
configure:2522: result: a.out
configure:2528: checking for suffix of executables
configure:2535: gcc -o conftest    conftest.c  >&5
configure:2539: $? = 0
configure:2561: result: 
configure:2583: checking whether we are cross compiling
configure:2591: gcc -o conftest    conftest.c  >&5
configure:2595: $? = 0
configure:2602: ./conftest
configure:2606: $? = 0
configure:2621: result: no
configure:2626: checking for suffix of object files
configure:2648: gcc -c   conftest.c >&5
configure:2652: $? = 0
configure:2673: result: o
configure:2677: checking whether we are using the GNU C compiler
configure:2696: gcc -c   conftest.c >&5
configure:2696: $? = 0
configure:2705: result: yes
configure:2714: checking whether gcc accepts -g
configure:2734: gcc -c -g  conftest.c >&5
configure:2734: $? = 0
configure:2775: result: yes
configure:2792: checking for gcc option to accept ISO C89
configure:2855: gcc  -c -g -O2  conftest.c >&5
configure:2855: $? = 0
configure:2868: result: none needed
configure:2893: checking how to run the C preprocessor
configure:2924: gcc -E  conftest.c
configure:2924: $? = 0
configure:2938: gcc -E  conftest.c
conftest.c:9:28: fatal error: ac_nonexistent.h: No such file or directory
 #include <ac_nonexistent.h>
                            ^
compilation terminated.
configure:2938: $? = 1
configure: failed program was:
| /* confdefs.h */
| #define PACKAGE_NAME ""
| #define PACKAGE_TARNAME ""
| #define PACKAGE_VERSION ""
| #define PACKAGE_STRING ""
| #define PACKAGE_BUGREPORT ""
| #define PACKAGE_URL ""
| /* end confdefs.h.  */
| #include <ac_nonexistent.h>
configure:2963: result: gcc -E
configure:2983: gcc -E  conftest.c
configure:2983: $? = 0
configure:2997: gcc -E  conftest.c
conftest.c:9:28: fatal error: ac_nonexistent.h: No such file or directory
 #include <ac_nonexistent.h>
                            ^
compilation terminated.
configure:2997: $? = 1
configure: failed program was:
| /* confdefs.h */
| #define PACKAGE_NAME ""
| #define PACKAGE_TARNAME ""
| #define PACKAGE_VERSION ""
| #define PACKAGE_STRING ""
| #define PACKAGE_BUGREPORT ""
| #define PACKAGE_URL ""
| /* end confdefs.h.  */
| #include <ac_nonexistent.h>
configure:3027: checking for grep that handles long lines and -e
configure:3085: result: /usr/bin/grep
configure:3090: checking for egrep
configure:3152: result: /usr/bin/grep -E
configure:3158: checking whether gcc needs -traditional
configure:3192: result: no
configure:3199: checking for library containing strerror
configure:3230: gcc -o conftest -g -O2   conftest.c  >&5
configure:3230: $? = 0
configure:3247: result: none required
configure:3266: gcc -o conftest -g -O2   conftest.c  >&5
conftest.c: In function 'main':
conftest.c:9:8: warning: incompatible implicit declaration of built-in function 'exit' [enabled by default]
 main(){exit(0);}
        ^
configure:3266: $? = 0
configure:3266: ./conftest
configure:3266: $? = 0
configure:3296: gcc -o conftest -g -O2   conftest.c  >&5
conftest.c: In function 'main':
conftest.c:9:8: warning: incompatible implicit declaration of built-in function 'exit' [enabled by default]
 main(){exit(0);}
        ^
configure:3296: $? = 0
configure:3296: ./conftest
configure:3296: $? = 0
configure:3328: gcc -o conftest -g -O2   conftest.c  >&5
/tmp/ccMBOl7O.o: In function `main':
/root/test/c/glibc/readline/examples/rlfe/conftest.c:13: undefined reference to `__something_strange_'
collect2: error: ld returned 1 exit status
configure:3328: $? = 1
configure: program exited with status 1
configure: failed program was:
| /* confdefs.h */
| #define PACKAGE_NAME ""
| #define PACKAGE_TARNAME ""
| #define PACKAGE_VERSION ""
| #define PACKAGE_STRING ""
| #define PACKAGE_BUGREPORT ""
| #define PACKAGE_URL ""
| /* end confdefs.h.  */
| 
| main()
| {
|   int __something_strange_();
|   __something_strange_(0);
| }
| 
configure:3340: checking for gawk
configure:3356: found /usr/bin/gawk
configure:3367: result: gawk
configure:3386: checking for System V...
configure:3401: gcc -c -g -O2  conftest.c >&5
configure:3401: $? = 0
configure:3409: checking for Solaris 2.x...
configure:3426: checking select...
configure:3439: gcc -o conftest -g -O2   conftest.c  >&5
configure:3439: $? = 0
configure:3468: checking select return value...
configure:3578: gcc -o conftest -g -O2   conftest.c  >&5
conftest.c: In function 'main':
conftest.c:72:5: warning: incompatible implicit declaration of built-in function 'exit' [enabled by default]
     exit(1);
     ^
configure:3578: $? = 0
configure:3578: ./conftest
configure:3578: $? = 0
configure:3591: checking for tgetent...
configure:3604: gcc -o conftest -g -O2   conftest.c  >&5
/tmp/cceMroU6.o: In function `main':
/root/test/c/glibc/readline/examples/rlfe/conftest.c:13: undefined reference to `tgetent'
collect2: error: ld returned 1 exit status
configure:3604: $? = 1
configure: failed program was:
| /* confdefs.h */
| #define PACKAGE_NAME ""
| #define PACKAGE_TARNAME ""
| #define PACKAGE_VERSION ""
| #define PACKAGE_STRING ""
| #define PACKAGE_BUGREPORT ""
| #define PACKAGE_URL ""
| /* end confdefs.h.  */
| 
| int
| main ()
| {
| tgetent((char *)0, (char *)0);
|   ;
|   return 0;
| }
configure:3609: checking libcurses...
configure:3628: gcc -o conftest -g -O2   conftest.c -lcurses  >&5
configure:3628: $? = 0
configure:3714: gcc -o conftest -g -O2   conftest.c -lcurses  >&5
conftest.c: In function 'main':
conftest.c:13:2: warning: incompatible implicit declaration of built-in function 'exit' [enabled by default]
  exit(strcmp(tgoto("%p1%d", 0, 1), "1") ? 0 : 1);
  ^
configure:3714: $? = 0
configure:3714: ./conftest
configure:3714: $? = 1
configure: program exited with status 1
configure: failed program was:
| /* confdefs.h */
| #define PACKAGE_NAME ""
| #define PACKAGE_TARNAME ""
| #define PACKAGE_VERSION ""
| #define PACKAGE_STRING ""
| #define PACKAGE_BUGREPORT ""
| #define PACKAGE_URL ""
| /* end confdefs.h.  */
| 
| extern char *tgoto();
| main()
| {
|  exit(strcmp(tgoto("%p1%d", 0, 1), "1") ? 0 : 1);
| }
configure:3726: checking ospeed...
configure:3739: gcc -o conftest -g -O2   conftest.c -lcurses  >&5
configure:3739: $? = 0
configure:3748: checking for /dev/ptc...
configure:3755: checking for SVR4 ptys...
configure:3770: gcc -o conftest -g -O2   conftest.c -lcurses  >&5
configure:3770: $? = 0
configure:3781: checking for getpt
configure:3781: gcc -o conftest -g -O2   conftest.c -lcurses  >&5
configure:3781: $? = 0
configure:3781: result: yes
configure:3847: checking for ptyranges...
configure:3906: checking default tty permissions/group...
configure:3947: gcc -o conftest -g -O2   conftest.c -lcurses  >&5
conftest.c: In function 'main':
conftest.c:23:26: warning: incompatible implicit declaration of built-in function 'exit' [enabled by default]
   if (!(x = ttyname(0))) exit(1);
                          ^
configure:3947: $? = 0
configure:3947: ./conftest
configure:3947: $? = 1
configure: program exited with status 1
configure: failed program was:
| /* confdefs.h */
| #define PACKAGE_NAME ""
| #define PACKAGE_TARNAME ""
| #define PACKAGE_VERSION ""
| #define PACKAGE_STRING ""
| #define PACKAGE_BUGREPORT ""
| #define PACKAGE_URL ""
| #define TERMINFO 1
| #define HAVE_SVR4_PTYS 1
| #define HAVE_GETPT 1
| /* end confdefs.h.  */
| 
| #include <sys/types.h>
| #include <sys/stat.h>
| #include <stdio.h>
| main()
| {
|   struct stat sb;
|   char *x,*ttyname();
|   int om, m;
|   FILE *fp;
| 
|   if (!(x = ttyname(0))) exit(1);
|   if (stat(x, &sb)) exit(1);
|   om = sb.st_mode;
|   if (om & 002) exit(0);
|   m = system("mesg y");
|   if (m == -1 || m == 127) exit(1);
|   if (stat(x, &sb)) exit(1);
|   m = sb.st_mode;
|   if (chmod(x, om)) exit(1);
|   if (m & 002) exit(0);
|   if (sb.st_gid == getgid()) exit(1);
|   if (!(fp=fopen("conftest_grp", "w")))
|     exit(1);
|   fprintf(fp, "%d\n", sb.st_gid);
|   fclose(fp);
|   exit(0);
| }
| 
configure:3972: checking for write
configure:3990: found /usr/bin/write
configure:4002: result: /usr/bin/write
configure:4012: checking for xterm
configure:4030: found /usr/bin/xterm
configure:4042: result: /usr/bin/xterm
configure:4107: checking return type of signal handlers...
configure:4125: gcc -c -g -O2  conftest.c >&5
configure:4125: $? = 0
configure:4130: checking sigset...
configure:4152: gcc -o conftest -g -O2   conftest.c -lcurses  >&5
configure:4152: $? = 0
configure:4158: checking signal implementation...
configure:4203: gcc -o conftest -g -O2   conftest.c -lcurses  >&5
conftest.c: In function 'main':
conftest.c:47:3: warning: incompatible implicit declaration of built-in function 'exit' [enabled by default]
   exit(0);
   ^
configure:4203: $? = 0
configure:4203: ./conftest
configure:4203: $? = 0
configure:4216: checking for ANSI C header files
configure:4236: gcc -c -g -O2  conftest.c >&5
configure:4236: $? = 0
configure:4309: gcc -o conftest -g -O2   conftest.c -lcurses  >&5
configure:4309: $? = 0
configure:4309: ./conftest
configure:4309: $? = 0
configure:4320: result: yes
configure:4333: checking for sys/types.h
configure:4333: gcc -c -g -O2  conftest.c >&5
configure:4333: $? = 0
configure:4333: result: yes
configure:4333: checking for sys/stat.h
configure:4333: gcc -c -g -O2  conftest.c >&5
configure:4333: $? = 0
configure:4333: result: yes
configure:4333: checking for stdlib.h
configure:4333: gcc -c -g -O2  conftest.c >&5
configure:4333: $? = 0
configure:4333: result: yes
configure:4333: checking for string.h
configure:4333: gcc -c -g -O2  conftest.c >&5
configure:4333: $? = 0
configure:4333: result: yes
configure:4333: checking for memory.h
configure:4333: gcc -c -g -O2  conftest.c >&5
configure:4333: $? = 0
configure:4333: result: yes
configure:4333: checking for strings.h
configure:4333: gcc -c -g -O2  conftest.c >&5
configure:4333: $? = 0
configure:4333: result: yes
configure:4333: checking for inttypes.h
configure:4333: gcc -c -g -O2  conftest.c >&5
configure:4333: $? = 0
configure:4333: result: yes
configure:4333: checking for stdint.h
configure:4333: gcc -c -g -O2  conftest.c >&5
configure:4333: $? = 0
configure:4333: result: yes
configure:4333: checking for unistd.h
configure:4333: gcc -c -g -O2  conftest.c >&5
configure:4333: $? = 0
configure:4333: result: yes
configure:4348: checking sys/stropts.h usability
configure:4348: gcc -c -g -O2  conftest.c >&5
conftest.c:59:25: fatal error: sys/stropts.h: No such file or directory
 #include <sys/stropts.h>
                         ^
compilation terminated.
configure:4348: $? = 1
configure: failed program was:
| /* confdefs.h */
| #define PACKAGE_NAME ""
| #define PACKAGE_TARNAME ""
| #define PACKAGE_VERSION ""
| #define PACKAGE_STRING ""
| #define PACKAGE_BUGREPORT ""
| #define PACKAGE_URL ""
| #define TERMINFO 1
| #define HAVE_SVR4_PTYS 1
| #define HAVE_GETPT 1
| #define PTYMODE 0620
| #define PTYGROUP 5
| #define SIGVOID 1
| #define USESIGSET 1
| #define STDC_HEADERS 1
| #define HAVE_SYS_TYPES_H 1
| #define HAVE_SYS_STAT_H 1
| #define HAVE_STDLIB_H 1
| #define HAVE_STRING_H 1
| #define HAVE_MEMORY_H 1
| #define HAVE_STRINGS_H 1
| #define HAVE_INTTYPES_H 1
| #define HAVE_STDINT_H 1
| #define HAVE_UNISTD_H 1
| /* end confdefs.h.  */
| #include <stdio.h>
| #ifdef HAVE_SYS_TYPES_H
| # include <sys/types.h>
| #endif
| #ifdef HAVE_SYS_STAT_H
| # include <sys/stat.h>
| #endif
| #ifdef STDC_HEADERS
| # include <stdlib.h>
| # include <stddef.h>
| #else
| # ifdef HAVE_STDLIB_H
| #  include <stdlib.h>
| # endif
| #endif
| #ifdef HAVE_STRING_H
| # if !defined STDC_HEADERS && defined HAVE_MEMORY_H
| #  include <memory.h>
| # endif
| # include <string.h>
| #endif
| #ifdef HAVE_STRINGS_H
| # include <strings.h>
| #endif
| #ifdef HAVE_INTTYPES_H
| # include <inttypes.h>
| #endif
| #ifdef HAVE_STDINT_H
| # include <stdint.h>
| #endif
| #ifdef HAVE_UNISTD_H
| # include <unistd.h>
| #endif
| #include <sys/stropts.h>
configure:4348: result: no
configure:4348: checking sys/stropts.h presence
configure:4348: gcc -E  conftest.c
conftest.c:26:25: fatal error: sys/stropts.h: No such file or directory
 #include <sys/stropts.h>
                         ^
compilation terminated.
configure:4348: $? = 1
configure: failed program was:
| /* confdefs.h */
| #define PACKAGE_NAME ""
| #define PACKAGE_TARNAME ""
| #define PACKAGE_VERSION ""
| #define PACKAGE_STRING ""
| #define PACKAGE_BUGREPORT ""
| #define PACKAGE_URL ""
| #define TERMINFO 1
| #define HAVE_SVR4_PTYS 1
| #define HAVE_GETPT 1
| #define PTYMODE 0620
| #define PTYGROUP 5
| #define SIGVOID 1
| #define USESIGSET 1
| #define STDC_HEADERS 1
| #define HAVE_SYS_TYPES_H 1
| #define HAVE_SYS_STAT_H 1
| #define HAVE_STDLIB_H 1
| #define HAVE_STRING_H 1
| #define HAVE_MEMORY_H 1
| #define HAVE_STRINGS_H 1
| #define HAVE_INTTYPES_H 1
| #define HAVE_STDINT_H 1
| #define HAVE_UNISTD_H 1
| /* end confdefs.h.  */
| #include <sys/stropts.h>
configure:4348: result: no
configure:4348: checking for sys/stropts.h
configure:4348: result: no
configure:4348: checking sys/wait.h usability
configure:4348: gcc -c -g -O2  conftest.c >&5
configure:4348: $? = 0
configure:4348: result: yes
configure:4348: checking sys/wait.h presence
configure:4348: gcc -E  conftest.c
configure:4348: $? = 0
configure:4348: result: yes
configure:4348: checking for sys/wait.h
configure:4348: result: yes
configure:4348: checking sgtty.h usability
configure:4348: gcc -c -g -O2  conftest.c >&5
configure:4348: $? = 0
configure:4348: result: yes
configure:4348: checking sgtty.h presence
configure:4348: gcc -E  conftest.c
configure:4348: $? = 0
configure:4348: result: yes
configure:4348: checking for sgtty.h
configure:4348: result: yes
configure:4348: checking sys/select.h usability
configure:4348: gcc -c -g -O2  conftest.c >&5
configure:4348: $? = 0
configure:4348: result: yes
configure:4348: checking sys/select.h presence
configure:4348: gcc -E  conftest.c
configure:4348: $? = 0
configure:4348: result: yes
configure:4348: checking for sys/select.h
configure:4348: result: yes
configure:4360: checking term.h usability
configure:4360: gcc -c -g -O2  conftest.c >&5
configure:4360: $? = 0
configure:4360: result: yes
configure:4360: checking term.h presence
configure:4360: gcc -E  conftest.c
configure:4360: $? = 0
configure:4360: result: yes
configure:4360: checking for term.h
configure:4360: result: yes
configure:4487: creating ./config.status

## ---------------------- ##
## Running config.status. ##
## ---------------------- ##

This file was extended by config.status, which was
generated by GNU Autoconf 2.69.  Invocation command line was

  CONFIG_FILES    = 
  CONFIG_HEADERS  = 
  CONFIG_LINKS    = 
  CONFIG_COMMANDS = 
  $ ./config.status 

on localhost.localdomain

config.status:813: creating Makefile
config.status:813: creating config.h
config.status:983: config.h is unchanged

## ---------------- ##
## Cache variables. ##
## ---------------- ##

ac_cv_c_compiler_gnu=yes
ac_cv_env_CC_set=
ac_cv_env_CC_value=
ac_cv_env_CFLAGS_set=
ac_cv_env_CFLAGS_value=
ac_cv_env_CPPFLAGS_set=
ac_cv_env_CPPFLAGS_value=
ac_cv_env_CPP_set=
ac_cv_env_CPP_value=
ac_cv_env_LDFLAGS_set=
ac_cv_env_LDFLAGS_value=
ac_cv_env_LIBS_set=
ac_cv_env_LIBS_value=
ac_cv_env_build_alias_set=
ac_cv_env_build_alias_value=
ac_cv_env_host_alias_set=
ac_cv_env_host_alias_value=
ac_cv_env_target_alias_set=
ac_cv_env_target_alias_value=
ac_cv_func_getpt=yes
ac_cv_header_inttypes_h=yes
ac_cv_header_memory_h=yes
ac_cv_header_sgtty_h=yes
ac_cv_header_stdc=yes
ac_cv_header_stdint_h=yes
ac_cv_header_stdlib_h=yes
ac_cv_header_string_h=yes
ac_cv_header_strings_h=yes
ac_cv_header_sys_select_h=yes
ac_cv_header_sys_stat_h=yes
ac_cv_header_sys_stropts_h=no
ac_cv_header_sys_types_h=yes
ac_cv_header_sys_wait_h=yes
ac_cv_header_term_h=yes
ac_cv_header_unistd_h=yes
ac_cv_objext=o
ac_cv_path_EGREP='/usr/bin/grep -E'
ac_cv_path_GREP=/usr/bin/grep
ac_cv_path_WRITEPATH=/usr/bin/write
ac_cv_path_XTERMPATH=/usr/bin/xterm
ac_cv_prog_AWK=gawk
ac_cv_prog_CPP='gcc -E'
ac_cv_prog_ac_ct_CC=gcc
ac_cv_prog_cc_c89=
ac_cv_prog_cc_g=yes
ac_cv_prog_gcc_traditional=no
ac_cv_search_strerror='none required'

## ----------------- ##
## Output variables. ##
## ----------------- ##

AWK='gawk'
CC='gcc'
CFLAGS='-g -O2'
CPP='gcc -E'
CPPFLAGS=''
DEFS='-DHAVE_CONFIG_H'
ECHO_C=''
ECHO_N='-n'
ECHO_T=''
EGREP='/usr/bin/grep -E'
EXEEXT=''
GREP='/usr/bin/grep'
LDFLAGS=''
LIBOBJS=''
LIBS='-lcurses '
LTLIBOBJS=''
OBJEXT='o'
PACKAGE_BUGREPORT=''
PACKAGE_NAME=''
PACKAGE_STRING=''
PACKAGE_TARNAME=''
PACKAGE_URL=''
PACKAGE_VERSION=''
PATH_SEPARATOR=':'
SHELL='/bin/sh'
VERSION='0.4'
WRITEPATH='/usr/bin/write'
XTERMPATH=''
ac_ct_CC='gcc'
bindir='${exec_prefix}/bin'
build_alias=''
datadir='${datarootdir}'
datarootdir='${prefix}/share'
docdir='${datarootdir}/doc/${PACKAGE}'
dvidir='${docdir}'
exec_prefix='${prefix}'
host_alias=''
htmldir='${docdir}'
includedir='${prefix}/include'
infodir='${datarootdir}/info'
libdir='${exec_prefix}/lib'
libexecdir='${exec_prefix}/libexec'
localedir='${datarootdir}/locale'
localstatedir='${prefix}/var'
mandir='${datarootdir}/man'
oldincludedir='/usr/include'
pdfdir='${docdir}'
prefix='/usr/local'
program_transform_name='s,x,x,'
psdir='${docdir}'
sbindir='${exec_prefix}/sbin'
sharedstatedir='${prefix}/com'
sysconfdir='${prefix}/etc'
target_alias=''

## ----------- ##
## confdefs.h. ##
## ----------- ##

/* confdefs.h */
#define PACKAGE_NAME ""
#define PACKAGE_TARNAME ""
#define PACKAGE_VERSION ""
#define PACKAGE_STRING ""
#define PACKAGE_BUGREPORT ""
#define PACKAGE_URL ""
#define TERMINFO 1
#define HAVE_SVR4_PTYS 1
#define HAVE_GETPT 1
#define PTYMODE 0620
#define PTYGROUP 5
#define SIGVOID 1
#define USESIGSET 1
#define STDC_HEADERS 1
#define HAVE_SYS_TYPES_H 1
#define HAVE_SYS_STAT_H 1
#define HAVE_STDLIB_H 1
#define HAVE_STRING_H 1
#define HAVE_MEMORY_H 1
#define HAVE_STRINGS_H 1
#define HAVE_INTTYPES_H 1
#define HAVE_STDINT_H 1
#define HAVE_UNISTD_H 1
#define HAVE_SYS_WAIT_H 1
#define HAVE_SGTTY_H 1
#define HAVE_SYS_SELECT_H 1
#define HAVE_TERM_H 1

configure: exit 0
